
  .   ____          _            __ _ _
 /\\ / ___'_ __ _ _(_)_ __  __ _ \ \ \ \
( ( )\___ | '_ | '_| | '_ \/ _` | \ \ \ \
 \\/  ___)| |_)| | | | | || (_| |  ) ) ) )
  '  |____| .__|_| |_|_| |_\__, | / / / /
 =========|_|==============|___/=/_/_/_/

 :: Spring Boot ::                (v3.3.4)

2025-08-19T18:16:33.456Z  INFO 7991 --- [springboot-fullstack] [           main] c.e.f.SpringbootFullstackApplication     : Starting SpringbootFullstackApplication v0.0.1-SNAPSHOT using Java 21.0.7 with PID 7991 (/workspace/springboot-fullstack/target/springboot-fullstack-0.0.1-SNAPSHOT.jar started by ubuntu in /workspace/springboot-fullstack)
2025-08-19T18:16:33.458Z  INFO 7991 --- [springboot-fullstack] [           main] c.e.f.SpringbootFullstackApplication     : No active profile set, falling back to 1 default profile: "default"
2025-08-19T18:16:33.978Z  INFO 7991 --- [springboot-fullstack] [           main] .s.d.r.c.RepositoryConfigurationDelegate : Bootstrapping Spring Data JPA repositories in DEFAULT mode.
2025-08-19T18:16:34.009Z  INFO 7991 --- [springboot-fullstack] [           main] .s.d.r.c.RepositoryConfigurationDelegate : Finished Spring Data repository scanning in 26 ms. Found 1 JPA repository interface.
2025-08-19T18:16:34.320Z  INFO 7991 --- [springboot-fullstack] [           main] o.s.b.w.embedded.tomcat.TomcatWebServer  : Tomcat initialized with port 8080 (http)
2025-08-19T18:16:34.329Z  INFO 7991 --- [springboot-fullstack] [           main] o.apache.catalina.core.StandardService   : Starting service [Tomcat]
2025-08-19T18:16:34.329Z  INFO 7991 --- [springboot-fullstack] [           main] o.apache.catalina.core.StandardEngine    : Starting Servlet engine: [Apache Tomcat/10.1.30]
2025-08-19T18:16:34.347Z  INFO 7991 --- [springboot-fullstack] [           main] o.a.c.c.C.[Tomcat].[localhost].[/]       : Initializing Spring embedded WebApplicationContext
2025-08-19T18:16:34.348Z  INFO 7991 --- [springboot-fullstack] [           main] w.s.c.ServletWebServerApplicationContext : Root WebApplicationContext: initialization completed in 850 ms
2025-08-19T18:16:34.367Z  INFO 7991 --- [springboot-fullstack] [           main] com.zaxxer.hikari.HikariDataSource       : HikariPool-1 - Starting...
2025-08-19T18:16:34.515Z  INFO 7991 --- [springboot-fullstack] [           main] com.zaxxer.hikari.pool.HikariPool        : HikariPool-1 - Added connection conn0: url=jdbc:h2:mem:tasksdb user=SA
2025-08-19T18:16:34.516Z  INFO 7991 --- [springboot-fullstack] [           main] com.zaxxer.hikari.HikariDataSource       : HikariPool-1 - Start completed.
2025-08-19T18:16:34.524Z  INFO 7991 --- [springboot-fullstack] [           main] o.s.b.a.h2.H2ConsoleAutoConfiguration    : H2 console available at '/h2-console'. Database available at 'jdbc:h2:mem:tasksdb'
2025-08-19T18:16:34.631Z  INFO 7991 --- [springboot-fullstack] [           main] o.hibernate.jpa.internal.util.LogHelper  : HHH000204: Processing PersistenceUnitInfo [name: default]
2025-08-19T18:16:34.676Z  INFO 7991 --- [springboot-fullstack] [           main] org.hibernate.Version                    : HHH000412: Hibernate ORM core version 6.5.3.Final
2025-08-19T18:16:34.699Z  INFO 7991 --- [springboot-fullstack] [           main] o.h.c.internal.RegionFactoryInitiator    : HHH000026: Second-level cache disabled
2025-08-19T18:16:34.872Z  INFO 7991 --- [springboot-fullstack] [           main] o.s.o.j.p.SpringPersistenceUnitInfo      : No LoadTimeWeaver setup: ignoring JPA class transformer
2025-08-19T18:16:35.459Z  INFO 7991 --- [springboot-fullstack] [           main] o.h.e.t.j.p.i.JtaPlatformInitiator       : HHH000489: No JTA platform available (set 'hibernate.transaction.jta.platform' to enable JTA platform integration)
Hibernate: 
    create table tasks (
        id bigint generated by default as identity,
        completed boolean not null,
        description varchar(2000),
        due_date date,
        title varchar(150) not null,
        primary key (id)
    )
2025-08-19T18:16:35.495Z  INFO 7991 --- [springboot-fullstack] [           main] j.LocalContainerEntityManagerFactoryBean : Initialized JPA EntityManagerFactory for persistence unit 'default'
2025-08-19T18:16:35.694Z  WARN 7991 --- [springboot-fullstack] [           main] JpaBaseConfiguration$JpaWebConfiguration : spring.jpa.open-in-view is enabled by default. Therefore, database queries may be performed during view rendering. Explicitly configure spring.jpa.open-in-view to disable this warning
2025-08-19T18:16:35.904Z  INFO 7991 --- [springboot-fullstack] [           main] o.s.b.w.embedded.tomcat.TomcatWebServer  : Tomcat started on port 8080 (http) with context path '/'
2025-08-19T18:16:35.912Z  INFO 7991 --- [springboot-fullstack] [           main] c.e.f.SpringbootFullstackApplication     : Started SpringbootFullstackApplication in 2.703 seconds (process running for 3.014)
Hibernate: 
    select
        count(*) 
    from
        tasks t1_0
Hibernate: 
    insert 
    into
        tasks
        (completed, description, due_date, title, id) 
    values
        (?, ?, ?, ?, default)
Hibernate: 
    insert 
    into
        tasks
        (completed, description, due_date, title, id) 
    values
        (?, ?, ?, ?, default)
2025-08-19T18:16:40.336Z  INFO 7991 --- [springboot-fullstack] [nio-8080-exec-1] o.a.c.c.C.[Tomcat].[localhost].[/]       : Initializing Spring DispatcherServlet 'dispatcherServlet'
2025-08-19T18:16:40.336Z  INFO 7991 --- [springboot-fullstack] [nio-8080-exec-1] o.s.web.servlet.DispatcherServlet        : Initializing Servlet 'dispatcherServlet'
2025-08-19T18:16:40.337Z  INFO 7991 --- [springboot-fullstack] [nio-8080-exec-1] o.s.web.servlet.DispatcherServlet        : Completed initialization in 1 ms
Hibernate: 
    select
        t1_0.id,
        t1_0.completed,
        t1_0.description,
        t1_0.due_date,
        t1_0.title 
    from
        tasks t1_0
